<?xml version="1.0" encoding="UTF-8"?>
<testng-results total="1" passed="1" failed="0" skipped="0">
  <reporter-output>
  </reporter-output>
  <suite started-at="2023-06-22T18:14:53Z" name="Default suite" finished-at="2023-06-22T18:14:53Z" duration-ms="35">
    <groups>
    </groups>
    <test started-at="2023-06-22T18:14:53Z" name="Default test" finished-at="2023-06-22T18:14:53Z" duration-ms="35">
      <class name="Inheritance.PS1">
        <test-method is-config="true" signature="beforeRun()[pri:0, instance:Inheritance.PS1@be68757]" started-at="2023-06-22T23:44:53Z" name="beforeRun" finished-at="2023-06-22T23:44:53Z" duration-ms="8" status="PASS">
          <reporter-output>
          </reporter-output>
        </test-method> <!-- beforeRun -->
        <test-method signature="testRun()[pri:0, instance:Inheritance.PS1@be68757]" started-at="2023-06-22T23:44:53Z" name="testRun" finished-at="2023-06-22T23:44:53Z" duration-ms="7" status="PASS">
          <reporter-output>
          </reporter-output>
        </test-method> <!-- testRun -->
        <test-method is-config="true" signature="aferRun()[pri:0, instance:Inheritance.PS1@be68757]" started-at="2023-06-22T23:44:53Z" name="aferRun" finished-at="2023-06-22T23:44:53Z" duration-ms="0" status="PASS">
          <reporter-output>
          </reporter-output>
        </test-method> <!-- aferRun -->
      </class> <!-- Inheritance.PS1 -->
    </test> <!-- Default test -->
  </suite> <!-- Default suite -->
</testng-results>
